<?xml version="1.0" encoding="UTF-8"?>
<!-- Generated by org.testng.reporters.JUnitReportReporter -->
<testsuite skipped="0" hostname="LAPTOP-QP73TLK3" name="com.qababu.HomePage" tests="2" failures="0" timestamp="2019-09-15T15:09:54 IST" time="0.732" errors="0">
  <testcase name="sampleTest2" time="0.112" classname="com.qababu.HomePage"/>
  <testcase name="sampleTest" time="0.620" classname="com.qababu.HomePage"/>
</testsuite> <!-- com.qababu.HomePage -->
